[2026-03-20 11:49:58] production.INFO: ====== WEBHOOK RECEIVED ====== {"store_uuid":"e93e99a2-d6b9-487b-b014-67a59328f029","topic":"checkouts/create","ip":"34.56.237.195"} 
[2026-03-20 11:49:58] production.INFO: Dispatching webhook job {"store":"1j17z1-yj.myshopify.com","topic":"checkouts/create","payload_keys":["id","token","cart_token","email","gateway","buyer_accepts_marketing","buyer_accepts_sms_marketing","sms_marketing_phone","created_at","updated_at","landing_site","note","note_attributes","referring_site","shipping_lines","shipping_address","taxes_included","total_weight","currency","completed_at","phone","customer_locale","line_items","name","abandoned_checkout_url","discount_codes","tax_lines","presentment_currency","source_name","total_line_items_price","total_tax","total_discounts","subtotal_price","total_price","total_duties","device_id","user_id","location_id","source_identifier","source_url","source","closed_at","customer"],"order_id":41296733602106,"order_number":"#41296733602106"} 
[2026-03-20 11:50:00] production.INFO: Job started: ProcessShopifyWebhookJob {"store_id":1,"topic":"checkouts/create"} 
[2026-03-20 11:50:00] production.INFO: Processing webhook [checkouts/create] for store 1j17z1-yj.myshopify.com {"store_id":1,"topic":"checkouts/create","order_id":41296733602106,"order_number":"#41296733602106"} 
[2026-03-20 11:50:00] production.INFO: Job completed: ProcessShopifyWebhookJob {"store_id":1,"topic":"checkouts/create"} 
[2026-03-20 11:50:19] production.INFO: Shopify log channel test - initialized successfully  
[2026-03-20 12:05:12] production.INFO: ====== WEBHOOK RECEIVED ====== {"store_uuid":"e93e99a2-d6b9-487b-b014-67a59328f029","topic":"fulfillments/update","ip":"35.193.217.5"} 
[2026-03-20 12:05:12] production.INFO: Dispatching webhook job {"store":"1j17z1-yj.myshopify.com","topic":"fulfillments/update","payload_keys":["id","order_id","status","created_at","service","updated_at","tracking_company","shipment_status","location_id","origin_address","email","destination","line_items","tracking_number","tracking_numbers","tracking_url","tracking_urls","receipt","name","admin_graphql_api_id"],"order_id":6319237792058,"order_number":"#F5142.1"} 
[2026-03-20 12:05:13] production.INFO: Job started: ProcessShopifyWebhookJob {"store_id":1,"topic":"fulfillments/update"} 
[2026-03-20 12:05:13] production.INFO: Processing webhook [fulfillments/update] for store 1j17z1-yj.myshopify.com {"store_id":1,"topic":"fulfillments/update","order_id":6319237792058,"order_number":"#F5142.1"} 
[2026-03-20 12:05:13] production.INFO: [Shopify] === SHIPPING UPDATE EVENT === {"store":"1j17z1-yj.myshopify.com","order_id":7114013966650,"tracking":["367892929162"]} 
[2026-03-20 12:05:13] production.INFO: [Shopify] --- sendNotification START [shipping_update] --- {"store":"1j17z1-yj.myshopify.com"} 
[2026-03-20 12:05:13] production.INFO: [Shopify] Found notification template {"notification_template_id":2,"whatsapp_template_id":647,"template_params":{"body":["customer_first_name","order_number","carrier","tracking_number","estimated_delivery"],"buttons":["tracking_url"]}} 
[2026-03-20 12:05:13] production.WARNING: [Shopify] No phone number in payload {"event":"shipping_update","customer_phone":null,"shipping_phone":null,"billing_phone":null} 
[2026-03-20 12:05:13] production.INFO: Job completed: ProcessShopifyWebhookJob {"store_id":1,"topic":"fulfillments/update"} 
[2026-03-20 12:09:13] production.INFO: ====== WEBHOOK RECEIVED ====== {"store_uuid":"e93e99a2-d6b9-487b-b014-67a59328f029","topic":"checkouts/create","ip":"34.66.7.142"} 
[2026-03-20 12:09:13] production.INFO: Dispatching webhook job {"store":"1j17z1-yj.myshopify.com","topic":"checkouts/create","payload_keys":["id","token","cart_token","email","gateway","buyer_accepts_marketing","buyer_accepts_sms_marketing","sms_marketing_phone","created_at","updated_at","landing_site","note","note_attributes","referring_site","shipping_lines","shipping_address","taxes_included","total_weight","currency","completed_at","phone","customer_locale","line_items","name","abandoned_checkout_url","discount_codes","tax_lines","presentment_currency","source_name","total_line_items_price","total_tax","total_discounts","subtotal_price","total_price","total_duties","device_id","user_id","location_id","source_identifier","source_url","source","closed_at"],"order_id":41296927326522,"order_number":"#41296927326522"} 
[2026-03-20 12:09:14] production.INFO: Job started: ProcessShopifyWebhookJob {"store_id":1,"topic":"checkouts/create"} 
[2026-03-20 12:09:14] production.INFO: Processing webhook [checkouts/create] for store 1j17z1-yj.myshopify.com {"store_id":1,"topic":"checkouts/create","order_id":41296927326522,"order_number":"#41296927326522"} 
[2026-03-20 12:09:14] production.INFO: Job completed: ProcessShopifyWebhookJob {"store_id":1,"topic":"checkouts/create"} 
[2026-03-20 13:47:31] production.INFO: ====== WEBHOOK RECEIVED ====== {"store_uuid":"e93e99a2-d6b9-487b-b014-67a59328f029","topic":"orders/create","ip":"146.148.78.172"} 
[2026-03-20 13:47:31] production.INFO: Dispatching webhook job {"store":"1j17z1-yj.myshopify.com","topic":"orders/create","payload_keys":["id","admin_graphql_api_id","app_id","browser_ip","buyer_accepts_marketing","cancel_reason","cancelled_at","cart_token","checkout_id","checkout_token","client_details","closed_at","confirmation_number","confirmed","contact_email","created_at","currency","current_shipping_price_set","current_subtotal_price","current_subtotal_price_set","current_total_additional_fees_set","current_total_discounts","current_total_discounts_set","current_total_duties_set","current_total_price","current_total_price_set","current_total_tax","current_total_tax_set","customer_locale","device_id","discount_codes","duties_included","email","estimated_taxes","financial_status","fulfillment_status","landing_site","landing_site_ref","location_id","merchant_business_entity_id","merchant_of_record_app_id","name","note","note_attributes","number","order_number","order_status_url","original_total_additional_fees_set","original_total_duties_set","payment_gateway_names","phone","po_number","presentment_currency","processed_at","reference","referring_site","source_identifier","source_name","source_url","subtotal_price","subtotal_price_set","tags","tax_exempt","tax_lines","taxes_included","test","token","total_cash_rounding_payment_adjustment_set","total_cash_rounding_refund_adjustment_set","total_discounts","total_discounts_set","total_line_items_price","total_line_items_price_set","total_outstanding","total_price","total_price_set","total_shipping_price_set","total_tax","total_tax_set","total_tip_received","total_weight","updated_at","user_id","billing_address","customer","discount_applications","fulfillments","line_items","payment_terms","refunds","shipping_address","shipping_lines","returns","line_item_groups"],"order_id":7142559940922,"order_number":5565} 
[2026-03-20 13:47:32] production.INFO: Job started: ProcessShopifyWebhookJob {"store_id":1,"topic":"orders/create"} 
[2026-03-20 13:47:32] production.INFO: Processing webhook [orders/create] for store 1j17z1-yj.myshopify.com {"store_id":1,"topic":"orders/create","order_id":7142559940922,"order_number":5565} 
[2026-03-20 13:47:32] production.INFO: [Shopify] === ORDER CONFIRMATION EVENT === {"store":"1j17z1-yj.myshopify.com","order_id":7142559940922,"order_number":5565,"customer":"Tabrej Ansari","phone":"7080683201","total":"2899.00 INR","items_count":1} 
[2026-03-20 13:47:32] production.INFO: [Shopify] --- sendNotification START [order_confirmation] --- {"store":"1j17z1-yj.myshopify.com"} 
[2026-03-20 13:47:32] production.INFO: [Shopify] Found notification template {"notification_template_id":1,"whatsapp_template_id":646,"template_params":{"body":["customer_first_name","order_number","total_price","currency","items_summary"],"buttons":["order_status_url"]}} 
[2026-03-20 13:47:32] production.INFO: [Shopify] Phone extracted {"phone":"7080683201"} 
[2026-03-20 13:47:32] production.INFO: [Shopify] Contact not found, auto-creating {"phone":"7080683201"} 
[2026-03-20 13:48:02] production.INFO: Job started: ProcessShopifyWebhookJob {"store_id":1,"topic":"orders/create"} 
[2026-03-20 13:48:02] production.INFO: Processing webhook [orders/create] for store 1j17z1-yj.myshopify.com {"store_id":1,"topic":"orders/create","order_id":7142559940922,"order_number":5565} 
[2026-03-20 13:48:02] production.INFO: [Shopify] === ORDER CONFIRMATION EVENT === {"store":"1j17z1-yj.myshopify.com","order_id":7142559940922,"order_number":5565,"customer":"Tabrej Ansari","phone":"7080683201","total":"2899.00 INR","items_count":1} 
[2026-03-20 13:48:02] production.INFO: [Shopify] --- sendNotification START [order_confirmation] --- {"store":"1j17z1-yj.myshopify.com"} 
[2026-03-20 13:48:02] production.INFO: [Shopify] Found notification template {"notification_template_id":1,"whatsapp_template_id":646,"template_params":{"body":["customer_first_name","order_number","total_price","currency","items_summary"],"buttons":["order_status_url"]}} 
[2026-03-20 13:48:02] production.INFO: [Shopify] Phone extracted {"phone":"7080683201"} 
[2026-03-20 13:48:02] production.INFO: [Shopify] Contact not found, auto-creating {"phone":"7080683201"} 
[2026-03-20 13:48:32] production.INFO: Job started: ProcessShopifyWebhookJob {"store_id":1,"topic":"orders/create"} 
[2026-03-20 13:48:32] production.INFO: Processing webhook [orders/create] for store 1j17z1-yj.myshopify.com {"store_id":1,"topic":"orders/create","order_id":7142559940922,"order_number":5565} 
[2026-03-20 13:48:32] production.INFO: [Shopify] === ORDER CONFIRMATION EVENT === {"store":"1j17z1-yj.myshopify.com","order_id":7142559940922,"order_number":5565,"customer":"Tabrej Ansari","phone":"7080683201","total":"2899.00 INR","items_count":1} 
[2026-03-20 13:48:32] production.INFO: [Shopify] --- sendNotification START [order_confirmation] --- {"store":"1j17z1-yj.myshopify.com"} 
[2026-03-20 13:48:32] production.INFO: [Shopify] Found notification template {"notification_template_id":1,"whatsapp_template_id":646,"template_params":{"body":["customer_first_name","order_number","total_price","currency","items_summary"],"buttons":["order_status_url"]}} 
[2026-03-20 13:48:32] production.INFO: [Shopify] Phone extracted {"phone":"7080683201"} 
[2026-03-20 13:48:32] production.INFO: [Shopify] Contact not found, auto-creating {"phone":"7080683201"} 
[2026-03-20 13:48:32] production.ERROR: Job FAILED: ProcessShopifyWebhookJob {"store_id":1,"topic":"orders/create","error":"SQLSTATE[HY000]: General error: 1364 Field 'created_by' doesn't have a default value (Connection: mysql, SQL: insert into `contacts` (`organization_id`, `phone`, `first_name`, `last_name`, `email`, `uuid`) values (91, 7080683201, Tabrej, Ansari, ta275707@gmail.com, cb8412e6-3e55-4510-b495-7ac2e19771bc))"} 
[2026-03-20 13:50:06] production.INFO: ====== WEBHOOK RECEIVED ====== {"store_uuid":"e93e99a2-d6b9-487b-b014-67a59328f029","topic":"orders/create","ip":"34.44.38.145"} 
[2026-03-20 13:50:06] production.INFO: Dispatching webhook job {"store":"1j17z1-yj.myshopify.com","topic":"orders/create","payload_keys":["id","admin_graphql_api_id","app_id","browser_ip","buyer_accepts_marketing","cancel_reason","cancelled_at","cart_token","checkout_id","checkout_token","client_details","closed_at","confirmation_number","confirmed","contact_email","created_at","currency","current_shipping_price_set","current_subtotal_price","current_subtotal_price_set","current_total_additional_fees_set","current_total_discounts","current_total_discounts_set","current_total_duties_set","current_total_price","current_total_price_set","current_total_tax","current_total_tax_set","customer_locale","device_id","discount_codes","duties_included","email","estimated_taxes","financial_status","fulfillment_status","landing_site","landing_site_ref","location_id","merchant_business_entity_id","merchant_of_record_app_id","name","note","note_attributes","number","order_number","order_status_url","original_total_additional_fees_set","original_total_duties_set","payment_gateway_names","phone","po_number","presentment_currency","processed_at","reference","referring_site","source_identifier","source_name","source_url","subtotal_price","subtotal_price_set","tags","tax_exempt","tax_lines","taxes_included","test","token","total_cash_rounding_payment_adjustment_set","total_cash_rounding_refund_adjustment_set","total_discounts","total_discounts_set","total_line_items_price","total_line_items_price_set","total_outstanding","total_price","total_price_set","total_shipping_price_set","total_tax","total_tax_set","total_tip_received","total_weight","updated_at","user_id","billing_address","customer","discount_applications","fulfillments","line_items","payment_terms","refunds","shipping_address","shipping_lines","returns","line_item_groups"],"order_id":7142562791738,"order_number":5566} 
[2026-03-20 13:50:08] production.INFO: Job started: ProcessShopifyWebhookJob {"store_id":1,"topic":"orders/create"} 
[2026-03-20 13:50:08] production.INFO: Processing webhook [orders/create] for store 1j17z1-yj.myshopify.com {"store_id":1,"topic":"orders/create","order_id":7142562791738,"order_number":5566} 
[2026-03-20 13:50:08] production.INFO: [Shopify] === ORDER CONFIRMATION EVENT === {"store":"1j17z1-yj.myshopify.com","order_id":7142562791738,"order_number":5566,"customer":"Aliya abid","phone":"+918792149627","total":"2899.00 INR","items_count":1} 
[2026-03-20 13:50:08] production.INFO: [Shopify] --- sendNotification START [order_confirmation] --- {"store":"1j17z1-yj.myshopify.com"} 
[2026-03-20 13:50:08] production.INFO: [Shopify] Found notification template {"notification_template_id":1,"whatsapp_template_id":646,"template_params":{"body":["customer_first_name","order_number","total_price","currency","items_summary"],"buttons":["order_status_url"]}} 
[2026-03-20 13:50:08] production.INFO: [Shopify] Phone extracted {"phone":"+918792149627"} 
[2026-03-20 13:50:08] production.INFO: [Shopify] Contact not found, auto-creating {"phone":"+918792149627"} 
[2026-03-20 13:50:38] production.INFO: Job started: ProcessShopifyWebhookJob {"store_id":1,"topic":"orders/create"} 
[2026-03-20 13:50:38] production.INFO: Processing webhook [orders/create] for store 1j17z1-yj.myshopify.com {"store_id":1,"topic":"orders/create","order_id":7142562791738,"order_number":5566} 
[2026-03-20 13:50:38] production.INFO: [Shopify] === ORDER CONFIRMATION EVENT === {"store":"1j17z1-yj.myshopify.com","order_id":7142562791738,"order_number":5566,"customer":"Aliya abid","phone":"+918792149627","total":"2899.00 INR","items_count":1} 
[2026-03-20 13:50:38] production.INFO: [Shopify] --- sendNotification START [order_confirmation] --- {"store":"1j17z1-yj.myshopify.com"} 
[2026-03-20 13:50:38] production.INFO: [Shopify] Found notification template {"notification_template_id":1,"whatsapp_template_id":646,"template_params":{"body":["customer_first_name","order_number","total_price","currency","items_summary"],"buttons":["order_status_url"]}} 
[2026-03-20 13:50:38] production.INFO: [Shopify] Phone extracted {"phone":"+918792149627"} 
[2026-03-20 13:50:38] production.INFO: [Shopify] Contact not found, auto-creating {"phone":"+918792149627"} 
[2026-03-20 13:51:08] production.INFO: Job started: ProcessShopifyWebhookJob {"store_id":1,"topic":"orders/create"} 
[2026-03-20 13:51:08] production.INFO: Processing webhook [orders/create] for store 1j17z1-yj.myshopify.com {"store_id":1,"topic":"orders/create","order_id":7142562791738,"order_number":5566} 
[2026-03-20 13:51:08] production.INFO: [Shopify] === ORDER CONFIRMATION EVENT === {"store":"1j17z1-yj.myshopify.com","order_id":7142562791738,"order_number":5566,"customer":"Aliya abid","phone":"+918792149627","total":"2899.00 INR","items_count":1} 
[2026-03-20 13:51:08] production.INFO: [Shopify] --- sendNotification START [order_confirmation] --- {"store":"1j17z1-yj.myshopify.com"} 
[2026-03-20 13:51:08] production.INFO: [Shopify] Found notification template {"notification_template_id":1,"whatsapp_template_id":646,"template_params":{"body":["customer_first_name","order_number","total_price","currency","items_summary"],"buttons":["order_status_url"]}} 
[2026-03-20 13:51:08] production.INFO: [Shopify] Phone extracted {"phone":"+918792149627"} 
[2026-03-20 13:51:08] production.INFO: [Shopify] Contact not found, auto-creating {"phone":"+918792149627"} 
[2026-03-20 13:51:08] production.ERROR: Job FAILED: ProcessShopifyWebhookJob {"store_id":1,"topic":"orders/create","error":"SQLSTATE[HY000]: General error: 1364 Field 'created_by' doesn't have a default value (Connection: mysql, SQL: insert into `contacts` (`organization_id`, `phone`, `first_name`, `last_name`, `email`, `uuid`) values (91, +918792149627, Aliya, abid, aliyabid@gmail.com, 71aeeaeb-65e4-417a-be3c-99bc5cb7971c))"} 
[2026-03-20 14:34:51] production.INFO: ====== WEBHOOK RECEIVED ====== {"store_uuid":"e93e99a2-d6b9-487b-b014-67a59328f029","topic":"fulfillments/update","ip":"34.133.192.8"} 
[2026-03-20 14:34:51] production.INFO: Dispatching webhook job {"store":"1j17z1-yj.myshopify.com","topic":"fulfillments/update","payload_keys":["id","order_id","status","created_at","service","updated_at","tracking_company","shipment_status","location_id","origin_address","email","destination","line_items","tracking_number","tracking_numbers","tracking_url","tracking_urls","receipt","name","admin_graphql_api_id"],"order_id":6304393331002,"order_number":"#F5124.1"} 
[2026-03-20 14:34:52] production.INFO: ====== WEBHOOK RECEIVED ====== {"store_uuid":"e93e99a2-d6b9-487b-b014-67a59328f029","topic":"fulfillments/update","ip":"136.119.70.114"} 
[2026-03-20 14:34:52] production.INFO: Dispatching webhook job {"store":"1j17z1-yj.myshopify.com","topic":"fulfillments/update","payload_keys":["id","order_id","status","created_at","service","updated_at","tracking_company","shipment_status","location_id","origin_address","email","destination","line_items","tracking_number","tracking_numbers","tracking_url","tracking_urls","receipt","name","admin_graphql_api_id"],"order_id":6314561339706,"order_number":"#F5245.1"} 
[2026-03-20 14:34:52] production.INFO: Job started: ProcessShopifyWebhookJob {"store_id":1,"topic":"fulfillments/update"} 
[2026-03-20 14:34:52] production.INFO: Processing webhook [fulfillments/update] for store 1j17z1-yj.myshopify.com {"store_id":1,"topic":"fulfillments/update","order_id":6304393331002,"order_number":"#F5124.1"} 
[2026-03-20 14:34:52] production.INFO: [Shopify] === SHIPPING UPDATE EVENT === {"store":"1j17z1-yj.myshopify.com","order_id":7112527839546,"tracking":["80032307585"]} 
[2026-03-20 14:34:52] production.INFO: [Shopify] --- sendNotification START [shipping_update] --- {"store":"1j17z1-yj.myshopify.com"} 
[2026-03-20 14:34:52] production.INFO: [Shopify] Found notification template {"notification_template_id":2,"whatsapp_template_id":647,"template_params":{"body":["customer_first_name","order_number","carrier","tracking_number","estimated_delivery"],"buttons":["tracking_url"]}} 
[2026-03-20 14:34:52] production.WARNING: [Shopify] No phone number in payload {"event":"shipping_update","customer_phone":null,"shipping_phone":null,"billing_phone":null} 
[2026-03-20 14:34:52] production.INFO: Job completed: ProcessShopifyWebhookJob {"store_id":1,"topic":"fulfillments/update"} 
[2026-03-20 14:34:52] production.INFO: Job started: ProcessShopifyWebhookJob {"store_id":1,"topic":"fulfillments/update"} 
[2026-03-20 14:34:53] production.INFO: Processing webhook [fulfillments/update] for store 1j17z1-yj.myshopify.com {"store_id":1,"topic":"fulfillments/update","order_id":6314561339706,"order_number":"#F5245.1"} 
[2026-03-20 14:34:53] production.INFO: [Shopify] === SHIPPING UPDATE EVENT === {"store":"1j17z1-yj.myshopify.com","order_id":7124261699898,"tracking":["80033858645"]} 
[2026-03-20 14:34:53] production.INFO: [Shopify] --- sendNotification START [shipping_update] --- {"store":"1j17z1-yj.myshopify.com"} 
[2026-03-20 14:34:53] production.INFO: [Shopify] Found notification template {"notification_template_id":2,"whatsapp_template_id":647,"template_params":{"body":["customer_first_name","order_number","carrier","tracking_number","estimated_delivery"],"buttons":["tracking_url"]}} 
[2026-03-20 14:34:53] production.WARNING: [Shopify] No phone number in payload {"event":"shipping_update","customer_phone":null,"shipping_phone":null,"billing_phone":null} 
[2026-03-20 14:34:53] production.INFO: Job completed: ProcessShopifyWebhookJob {"store_id":1,"topic":"fulfillments/update"} 
[2026-03-20 14:34:53] production.INFO: ====== WEBHOOK RECEIVED ====== {"store_uuid":"e93e99a2-d6b9-487b-b014-67a59328f029","topic":"fulfillments/update","ip":"35.239.89.5"} 
[2026-03-20 14:34:53] production.INFO: Dispatching webhook job {"store":"1j17z1-yj.myshopify.com","topic":"fulfillments/update","payload_keys":["id","order_id","status","created_at","service","updated_at","tracking_company","shipment_status","location_id","origin_address","email","destination","line_items","tracking_number","tracking_numbers","tracking_url","tracking_urls","receipt","name","admin_graphql_api_id"],"order_id":6299480260922,"order_number":"#F5049.1"} 
[2026-03-20 14:34:53] production.INFO: Job started: ProcessShopifyWebhookJob {"store_id":1,"topic":"fulfillments/update"} 
[2026-03-20 14:34:53] production.INFO: Processing webhook [fulfillments/update] for store 1j17z1-yj.myshopify.com {"store_id":1,"topic":"fulfillments/update","order_id":6299480260922,"order_number":"#F5049.1"} 
[2026-03-20 14:34:53] production.INFO: [Shopify] === SHIPPING UPDATE EVENT === {"store":"1j17z1-yj.myshopify.com","order_id":7107175317818,"tracking":["80031008341"]} 
[2026-03-20 14:34:53] production.INFO: [Shopify] --- sendNotification START [shipping_update] --- {"store":"1j17z1-yj.myshopify.com"} 
[2026-03-20 14:34:53] production.INFO: [Shopify] Found notification template {"notification_template_id":2,"whatsapp_template_id":647,"template_params":{"body":["customer_first_name","order_number","carrier","tracking_number","estimated_delivery"],"buttons":["tracking_url"]}} 
[2026-03-20 14:34:53] production.WARNING: [Shopify] No phone number in payload {"event":"shipping_update","customer_phone":null,"shipping_phone":null,"billing_phone":null} 
[2026-03-20 14:34:53] production.INFO: Job completed: ProcessShopifyWebhookJob {"store_id":1,"topic":"fulfillments/update"} 
[2026-03-20 14:34:53] production.INFO: ====== WEBHOOK RECEIVED ====== {"store_uuid":"e93e99a2-d6b9-487b-b014-67a59328f029","topic":"fulfillments/update","ip":"136.112.35.197"} 
[2026-03-20 14:34:53] production.INFO: Dispatching webhook job {"store":"1j17z1-yj.myshopify.com","topic":"fulfillments/update","payload_keys":["id","order_id","status","created_at","service","updated_at","tracking_company","shipment_status","location_id","origin_address","email","destination","line_items","tracking_number","tracking_numbers","tracking_url","tracking_urls","receipt","name","admin_graphql_api_id"],"order_id":6304392216890,"order_number":"#F5097.1"} 
[2026-03-20 14:34:55] production.INFO: ====== WEBHOOK RECEIVED ====== {"store_uuid":"e93e99a2-d6b9-487b-b014-67a59328f029","topic":"fulfillments/update","ip":"35.225.79.15"} 
[2026-03-20 14:34:55] production.INFO: Dispatching webhook job {"store":"1j17z1-yj.myshopify.com","topic":"fulfillments/update","payload_keys":["id","order_id","status","created_at","service","updated_at","tracking_company","shipment_status","location_id","origin_address","email","destination","line_items","tracking_number","tracking_numbers","tracking_url","tracking_urls","receipt","name","admin_graphql_api_id"],"order_id":6316089999674,"order_number":"#F5297.1"} 
[2026-03-20 14:34:55] production.INFO: Job started: ProcessShopifyWebhookJob {"store_id":1,"topic":"fulfillments/update"} 
[2026-03-20 14:34:55] production.INFO: Processing webhook [fulfillments/update] for store 1j17z1-yj.myshopify.com {"store_id":1,"topic":"fulfillments/update","order_id":6304392216890,"order_number":"#F5097.1"} 
[2026-03-20 14:34:55] production.INFO: [Shopify] === SHIPPING UPDATE EVENT === {"store":"1j17z1-yj.myshopify.com","order_id":7109887852858,"tracking":["80032307655"]} 
[2026-03-20 14:34:55] production.INFO: [Shopify] --- sendNotification START [shipping_update] --- {"store":"1j17z1-yj.myshopify.com"} 
[2026-03-20 14:34:55] production.INFO: [Shopify] Found notification template {"notification_template_id":2,"whatsapp_template_id":647,"template_params":{"body":["customer_first_name","order_number","carrier","tracking_number","estimated_delivery"],"buttons":["tracking_url"]}} 
[2026-03-20 14:34:55] production.WARNING: [Shopify] No phone number in payload {"event":"shipping_update","customer_phone":null,"shipping_phone":null,"billing_phone":null} 
[2026-03-20 14:34:55] production.INFO: Job completed: ProcessShopifyWebhookJob {"store_id":1,"topic":"fulfillments/update"} 
[2026-03-20 14:34:56] production.INFO: Job started: ProcessShopifyWebhookJob {"store_id":1,"topic":"fulfillments/update"} 
[2026-03-20 14:34:56] production.INFO: Processing webhook [fulfillments/update] for store 1j17z1-yj.myshopify.com {"store_id":1,"topic":"fulfillments/update","order_id":6316089999674,"order_number":"#F5297.1"} 
[2026-03-20 14:34:56] production.INFO: [Shopify] === SHIPPING UPDATE EVENT === {"store":"1j17z1-yj.myshopify.com","order_id":7126490120506,"tracking":["80034679340"]} 
[2026-03-20 14:34:56] production.INFO: [Shopify] --- sendNotification START [shipping_update] --- {"store":"1j17z1-yj.myshopify.com"} 
[2026-03-20 14:34:56] production.INFO: [Shopify] Found notification template {"notification_template_id":2,"whatsapp_template_id":647,"template_params":{"body":["customer_first_name","order_number","carrier","tracking_number","estimated_delivery"],"buttons":["tracking_url"]}} 
[2026-03-20 14:34:56] production.WARNING: [Shopify] No phone number in payload {"event":"shipping_update","customer_phone":null,"shipping_phone":null,"billing_phone":null} 
[2026-03-20 14:34:56] production.INFO: Job completed: ProcessShopifyWebhookJob {"store_id":1,"topic":"fulfillments/update"} 
[2026-03-20 15:43:13] production.INFO: ====== WEBHOOK RECEIVED ====== {"store_uuid":"e93e99a2-d6b9-487b-b014-67a59328f029","topic":"checkouts/create","ip":"34.10.27.67"} 
[2026-03-20 15:43:13] production.INFO: Dispatching webhook job {"store":"1j17z1-yj.myshopify.com","topic":"checkouts/create","payload_keys":["id","token","cart_token","email","gateway","buyer_accepts_marketing","buyer_accepts_sms_marketing","sms_marketing_phone","created_at","updated_at","landing_site","note","note_attributes","referring_site","shipping_lines","shipping_address","taxes_included","total_weight","currency","completed_at","phone","customer_locale","line_items","name","abandoned_checkout_url","discount_codes","tax_lines","presentment_currency","source_name","total_line_items_price","total_tax","total_discounts","subtotal_price","total_price","total_duties","device_id","user_id","location_id","source_identifier","source_url","source","closed_at"],"order_id":41298950783290,"order_number":"#41298950783290"} 
[2026-03-20 15:43:14] production.INFO: Job started: ProcessShopifyWebhookJob {"store_id":1,"topic":"checkouts/create"} 
[2026-03-20 15:43:14] production.INFO: Processing webhook [checkouts/create] for store 1j17z1-yj.myshopify.com {"store_id":1,"topic":"checkouts/create","order_id":41298950783290,"order_number":"#41298950783290"} 
[2026-03-20 15:43:14] production.INFO: Job completed: ProcessShopifyWebhookJob {"store_id":1,"topic":"checkouts/create"} 
[2026-03-20 16:31:42] production.INFO: ====== WEBHOOK RECEIVED ====== {"store_uuid":"e93e99a2-d6b9-487b-b014-67a59328f029","topic":"fulfillments/update","ip":"136.112.35.197"} 
[2026-03-20 16:31:42] production.INFO: Dispatching webhook job {"store":"1j17z1-yj.myshopify.com","topic":"fulfillments/update","payload_keys":["id","order_id","status","created_at","service","updated_at","tracking_company","shipment_status","location_id","origin_address","email","destination","line_items","tracking_number","tracking_numbers","tracking_url","tracking_urls","receipt","name","admin_graphql_api_id"],"order_id":6314559242554,"order_number":"#F5093.1"} 
[2026-03-20 16:31:43] production.INFO: Job started: ProcessShopifyWebhookJob {"store_id":1,"topic":"fulfillments/update"} 
[2026-03-20 16:31:43] production.INFO: Processing webhook [fulfillments/update] for store 1j17z1-yj.myshopify.com {"store_id":1,"topic":"fulfillments/update","order_id":6314559242554,"order_number":"#F5093.1"} 
[2026-03-20 16:31:43] production.INFO: [Shopify] === SHIPPING UPDATE EVENT === {"store":"1j17z1-yj.myshopify.com","order_id":7109564367162,"tracking":["27519912560563"]} 
[2026-03-20 16:31:43] production.INFO: [Shopify] --- sendNotification START [shipping_update] --- {"store":"1j17z1-yj.myshopify.com"} 
[2026-03-20 16:31:43] production.INFO: [Shopify] Found notification template {"notification_template_id":2,"whatsapp_template_id":647,"template_params":{"body":["customer_first_name","order_number","carrier","tracking_number","estimated_delivery"],"buttons":["tracking_url"]}} 
[2026-03-20 16:31:43] production.WARNING: [Shopify] No phone number in payload {"event":"shipping_update","customer_phone":null,"shipping_phone":null,"billing_phone":null} 
[2026-03-20 16:31:43] production.INFO: Job completed: ProcessShopifyWebhookJob {"store_id":1,"topic":"fulfillments/update"} 
[2026-03-20 16:42:15] production.INFO: ====== WEBHOOK RECEIVED ====== {"store_uuid":"e93e99a2-d6b9-487b-b014-67a59328f029","topic":"fulfillments/update","ip":"35.184.215.203"} 
[2026-03-20 16:42:15] production.INFO: Dispatching webhook job {"store":"1j17z1-yj.myshopify.com","topic":"fulfillments/update","payload_keys":["id","order_id","status","created_at","service","updated_at","tracking_company","shipment_status","location_id","origin_address","email","destination","line_items","tracking_number","tracking_numbers","tracking_url","tracking_urls","receipt","name","admin_graphql_api_id"],"order_id":6310415794490,"order_number":"#F5179.1"} 
[2026-03-20 16:42:16] production.INFO: Job started: ProcessShopifyWebhookJob {"store_id":1,"topic":"fulfillments/update"} 
[2026-03-20 16:42:16] production.INFO: Processing webhook [fulfillments/update] for store 1j17z1-yj.myshopify.com {"store_id":1,"topic":"fulfillments/update","order_id":6310415794490,"order_number":"#F5179.1"} 
[2026-03-20 16:42:16] production.INFO: [Shopify] === SHIPPING UPDATE EVENT === {"store":"1j17z1-yj.myshopify.com","order_id":7118808416570,"tracking":["27519912551673"]} 
[2026-03-20 16:42:16] production.INFO: [Shopify] --- sendNotification START [shipping_update] --- {"store":"1j17z1-yj.myshopify.com"} 
[2026-03-20 16:42:16] production.INFO: [Shopify] Found notification template {"notification_template_id":2,"whatsapp_template_id":647,"template_params":{"body":["customer_first_name","order_number","carrier","tracking_number","estimated_delivery"],"buttons":["tracking_url"]}} 
[2026-03-20 16:42:16] production.WARNING: [Shopify] No phone number in payload {"event":"shipping_update","customer_phone":null,"shipping_phone":null,"billing_phone":null} 
[2026-03-20 16:42:16] production.INFO: Job completed: ProcessShopifyWebhookJob {"store_id":1,"topic":"fulfillments/update"} 
[2026-03-20 16:44:15] production.INFO: ====== WEBHOOK RECEIVED ====== {"store_uuid":"e93e99a2-d6b9-487b-b014-67a59328f029","topic":"orders/create","ip":"35.202.98.113"} 
[2026-03-20 16:44:15] production.INFO: Dispatching webhook job {"store":"1j17z1-yj.myshopify.com","topic":"orders/create","payload_keys":["id","admin_graphql_api_id","app_id","browser_ip","buyer_accepts_marketing","cancel_reason","cancelled_at","cart_token","checkout_id","checkout_token","client_details","closed_at","confirmation_number","confirmed","contact_email","created_at","currency","current_shipping_price_set","current_subtotal_price","current_subtotal_price_set","current_total_additional_fees_set","current_total_discounts","current_total_discounts_set","current_total_duties_set","current_total_price","current_total_price_set","current_total_tax","current_total_tax_set","customer_locale","device_id","discount_codes","duties_included","email","estimated_taxes","financial_status","fulfillment_status","landing_site","landing_site_ref","location_id","merchant_business_entity_id","merchant_of_record_app_id","name","note","note_attributes","number","order_number","order_status_url","original_total_additional_fees_set","original_total_duties_set","payment_gateway_names","phone","po_number","presentment_currency","processed_at","reference","referring_site","source_identifier","source_name","source_url","subtotal_price","subtotal_price_set","tags","tax_exempt","tax_lines","taxes_included","test","token","total_cash_rounding_payment_adjustment_set","total_cash_rounding_refund_adjustment_set","total_discounts","total_discounts_set","total_line_items_price","total_line_items_price_set","total_outstanding","total_price","total_price_set","total_shipping_price_set","total_tax","total_tax_set","total_tip_received","total_weight","updated_at","user_id","billing_address","customer","discount_applications","fulfillments","line_items","payment_terms","refunds","shipping_address","shipping_lines","returns","line_item_groups"],"order_id":7142763692346,"order_number":5567} 
[2026-03-20 16:44:16] production.INFO: Job started: ProcessShopifyWebhookJob {"store_id":1,"topic":"orders/create"} 
[2026-03-20 16:44:16] production.INFO: Processing webhook [orders/create] for store 1j17z1-yj.myshopify.com {"store_id":1,"topic":"orders/create","order_id":7142763692346,"order_number":5567} 
[2026-03-20 16:44:16] production.INFO: [Shopify] === ORDER CONFIRMATION EVENT === {"store":"1j17z1-yj.myshopify.com","order_id":7142763692346,"order_number":5567,"customer":"Sohil Malkani","phone":"9898725175","total":"2294.15 INR","items_count":1} 
[2026-03-20 16:44:16] production.INFO: [Shopify] --- sendNotification START [order_confirmation] --- {"store":"1j17z1-yj.myshopify.com"} 
[2026-03-20 16:44:16] production.INFO: [Shopify] Found notification template {"notification_template_id":1,"whatsapp_template_id":646,"template_params":{"body":["customer_first_name","order_number","total_price","currency","items_summary"],"buttons":["order_status_url"]}} 
[2026-03-20 16:44:16] production.INFO: [Shopify] Phone extracted {"phone":"9898725175"} 
[2026-03-20 16:44:16] production.INFO: [Shopify] Contact not found, auto-creating {"phone":"9898725175"} 
[2026-03-20 16:44:46] production.INFO: Job started: ProcessShopifyWebhookJob {"store_id":1,"topic":"orders/create"} 
[2026-03-20 16:44:46] production.INFO: Processing webhook [orders/create] for store 1j17z1-yj.myshopify.com {"store_id":1,"topic":"orders/create","order_id":7142763692346,"order_number":5567} 
[2026-03-20 16:44:46] production.INFO: [Shopify] === ORDER CONFIRMATION EVENT === {"store":"1j17z1-yj.myshopify.com","order_id":7142763692346,"order_number":5567,"customer":"Sohil Malkani","phone":"9898725175","total":"2294.15 INR","items_count":1} 
[2026-03-20 16:44:46] production.INFO: [Shopify] --- sendNotification START [order_confirmation] --- {"store":"1j17z1-yj.myshopify.com"} 
[2026-03-20 16:44:46] production.INFO: [Shopify] Found notification template {"notification_template_id":1,"whatsapp_template_id":646,"template_params":{"body":["customer_first_name","order_number","total_price","currency","items_summary"],"buttons":["order_status_url"]}} 
[2026-03-20 16:44:46] production.INFO: [Shopify] Phone extracted {"phone":"9898725175"} 
[2026-03-20 16:44:46] production.INFO: [Shopify] Contact not found, auto-creating {"phone":"9898725175"} 
[2026-03-20 16:45:16] production.INFO: Job started: ProcessShopifyWebhookJob {"store_id":1,"topic":"orders/create"} 
[2026-03-20 16:45:16] production.INFO: Processing webhook [orders/create] for store 1j17z1-yj.myshopify.com {"store_id":1,"topic":"orders/create","order_id":7142763692346,"order_number":5567} 
[2026-03-20 16:45:16] production.INFO: [Shopify] === ORDER CONFIRMATION EVENT === {"store":"1j17z1-yj.myshopify.com","order_id":7142763692346,"order_number":5567,"customer":"Sohil Malkani","phone":"9898725175","total":"2294.15 INR","items_count":1} 
[2026-03-20 16:45:16] production.INFO: [Shopify] --- sendNotification START [order_confirmation] --- {"store":"1j17z1-yj.myshopify.com"} 
[2026-03-20 16:45:16] production.INFO: [Shopify] Found notification template {"notification_template_id":1,"whatsapp_template_id":646,"template_params":{"body":["customer_first_name","order_number","total_price","currency","items_summary"],"buttons":["order_status_url"]}} 
[2026-03-20 16:45:16] production.INFO: [Shopify] Phone extracted {"phone":"9898725175"} 
[2026-03-20 16:45:16] production.INFO: [Shopify] Contact not found, auto-creating {"phone":"9898725175"} 
[2026-03-20 16:45:16] production.ERROR: Job FAILED: ProcessShopifyWebhookJob {"store_id":1,"topic":"orders/create","error":"SQLSTATE[HY000]: General error: 1364 Field 'created_by' doesn't have a default value (Connection: mysql, SQL: insert into `contacts` (`organization_id`, `phone`, `first_name`, `last_name`, `email`, `uuid`) values (91, 9898725175, Sohil, Malkani, asmalkani@gmail.com, 3b4231a4-4978-45b0-ae36-de495b1c4cd8))"} 
[2026-03-20 17:03:13] production.INFO: ====== WEBHOOK RECEIVED ====== {"store_uuid":"e93e99a2-d6b9-487b-b014-67a59328f029","topic":"checkouts/create","ip":"34.66.7.142"} 
[2026-03-20 17:03:13] production.INFO: Dispatching webhook job {"store":"1j17z1-yj.myshopify.com","topic":"checkouts/create","payload_keys":["id","token","cart_token","email","gateway","buyer_accepts_marketing","buyer_accepts_sms_marketing","sms_marketing_phone","created_at","updated_at","landing_site","note","note_attributes","referring_site","shipping_lines","shipping_address","taxes_included","total_weight","currency","completed_at","phone","customer_locale","line_items","name","abandoned_checkout_url","discount_codes","tax_lines","presentment_currency","source_name","total_line_items_price","total_tax","total_discounts","subtotal_price","total_price","total_duties","device_id","user_id","location_id","source_identifier","source_url","source","closed_at"],"order_id":41299488899386,"order_number":"#41299488899386"} 
[2026-03-20 17:03:15] production.INFO: Job started: ProcessShopifyWebhookJob {"store_id":1,"topic":"checkouts/create"} 
[2026-03-20 17:03:15] production.INFO: Processing webhook [checkouts/create] for store 1j17z1-yj.myshopify.com {"store_id":1,"topic":"checkouts/create","order_id":41299488899386,"order_number":"#41299488899386"} 
[2026-03-20 17:03:15] production.INFO: Job completed: ProcessShopifyWebhookJob {"store_id":1,"topic":"checkouts/create"} 
[2026-03-20 17:34:28] production.INFO: ====== WEBHOOK RECEIVED ====== {"store_uuid":"e93e99a2-d6b9-487b-b014-67a59328f029","topic":"checkouts/create","ip":"35.184.215.203"} 
[2026-03-20 17:34:28] production.INFO: Dispatching webhook job {"store":"1j17z1-yj.myshopify.com","topic":"checkouts/create","payload_keys":["id","token","cart_token","email","gateway","buyer_accepts_marketing","buyer_accepts_sms_marketing","sms_marketing_phone","created_at","updated_at","landing_site","note","note_attributes","referring_site","shipping_lines","shipping_address","taxes_included","total_weight","currency","completed_at","phone","customer_locale","line_items","name","abandoned_checkout_url","discount_codes","tax_lines","presentment_currency","source_name","total_line_items_price","total_tax","total_discounts","subtotal_price","total_price","total_duties","device_id","user_id","location_id","source_identifier","source_url","source","closed_at","customer"],"order_id":41299660407098,"order_number":"#41299660407098"} 
[2026-03-20 17:34:28] production.INFO: Job started: ProcessShopifyWebhookJob {"store_id":1,"topic":"checkouts/create"} 
[2026-03-20 17:34:28] production.INFO: Processing webhook [checkouts/create] for store 1j17z1-yj.myshopify.com {"store_id":1,"topic":"checkouts/create","order_id":41299660407098,"order_number":"#41299660407098"} 
[2026-03-20 17:34:28] production.INFO: Job completed: ProcessShopifyWebhookJob {"store_id":1,"topic":"checkouts/create"} 
[2026-03-20 17:44:04] production.INFO: ====== WEBHOOK RECEIVED ====== {"store_uuid":"e93e99a2-d6b9-487b-b014-67a59328f029","topic":"fulfillments/update","ip":"104.154.236.182"} 
[2026-03-20 17:44:04] production.INFO: Dispatching webhook job {"store":"1j17z1-yj.myshopify.com","topic":"fulfillments/update","payload_keys":["id","order_id","status","created_at","service","updated_at","tracking_company","shipment_status","location_id","origin_address","email","destination","line_items","tracking_number","tracking_numbers","tracking_url","tracking_urls","receipt","name","admin_graphql_api_id"],"order_id":6328301060410,"order_number":"#F5437.1"} 
[2026-03-20 17:44:05] production.INFO: Job started: ProcessShopifyWebhookJob {"store_id":1,"topic":"fulfillments/update"} 
[2026-03-20 17:44:05] production.INFO: Processing webhook [fulfillments/update] for store 1j17z1-yj.myshopify.com {"store_id":1,"topic":"fulfillments/update","order_id":6328301060410,"order_number":"#F5437.1"} 
[2026-03-20 17:44:05] production.INFO: [Shopify] === SHIPPING UPDATE EVENT === {"store":"1j17z1-yj.myshopify.com","order_id":7133547823418,"tracking":["80040148473"]} 
[2026-03-20 17:44:05] production.INFO: [Shopify] --- sendNotification START [shipping_update] --- {"store":"1j17z1-yj.myshopify.com"} 
[2026-03-20 17:44:05] production.INFO: [Shopify] Found notification template {"notification_template_id":2,"whatsapp_template_id":647,"template_params":{"body":["customer_first_name","order_number","carrier","tracking_number","estimated_delivery"],"buttons":["tracking_url"]}} 
[2026-03-20 17:44:05] production.WARNING: [Shopify] No phone number in payload {"event":"shipping_update","customer_phone":null,"shipping_phone":null,"billing_phone":null} 
[2026-03-20 17:44:05] production.INFO: Job completed: ProcessShopifyWebhookJob {"store_id":1,"topic":"fulfillments/update"} 
[2026-03-20 17:50:14] production.INFO: ====== WEBHOOK RECEIVED ====== {"store_uuid":"e93e99a2-d6b9-487b-b014-67a59328f029","topic":"fulfillments/update","ip":"34.16.123.34"} 
[2026-03-20 17:50:14] production.INFO: Dispatching webhook job {"store":"1j17z1-yj.myshopify.com","topic":"fulfillments/update","payload_keys":["id","order_id","status","created_at","service","updated_at","tracking_company","shipment_status","location_id","origin_address","email","destination","line_items","tracking_number","tracking_numbers","tracking_url","tracking_urls","receipt","name","admin_graphql_api_id"],"order_id":6328290312506,"order_number":"#F5548.1"} 
[2026-03-20 17:50:17] production.INFO: Job started: ProcessShopifyWebhookJob {"store_id":1,"topic":"fulfillments/update"} 
[2026-03-20 17:50:17] production.INFO: Processing webhook [fulfillments/update] for store 1j17z1-yj.myshopify.com {"store_id":1,"topic":"fulfillments/update","order_id":6328290312506,"order_number":"#F5548.1"} 
[2026-03-20 17:50:17] production.INFO: [Shopify] === SHIPPING UPDATE EVENT === {"store":"1j17z1-yj.myshopify.com","order_id":7141572837690,"tracking":["80040142803"]} 
[2026-03-20 17:50:17] production.INFO: [Shopify] --- sendNotification START [shipping_update] --- {"store":"1j17z1-yj.myshopify.com"} 
[2026-03-20 17:50:17] production.INFO: [Shopify] Found notification template {"notification_template_id":2,"whatsapp_template_id":647,"template_params":{"body":["customer_first_name","order_number","carrier","tracking_number","estimated_delivery"],"buttons":["tracking_url"]}} 
[2026-03-20 17:50:17] production.WARNING: [Shopify] No phone number in payload {"event":"shipping_update","customer_phone":null,"shipping_phone":null,"billing_phone":null} 
[2026-03-20 17:50:17] production.INFO: Job completed: ProcessShopifyWebhookJob {"store_id":1,"topic":"fulfillments/update"} 
[2026-03-20 18:06:51] production.INFO: ====== WEBHOOK RECEIVED ====== {"store_uuid":"e93e99a2-d6b9-487b-b014-67a59328f029","topic":"checkouts/create","ip":"34.170.25.223"} 
[2026-03-20 18:06:51] production.INFO: Dispatching webhook job {"store":"1j17z1-yj.myshopify.com","topic":"checkouts/create","payload_keys":["id","token","cart_token","email","gateway","buyer_accepts_marketing","buyer_accepts_sms_marketing","sms_marketing_phone","created_at","updated_at","landing_site","note","note_attributes","referring_site","shipping_lines","shipping_address","taxes_included","total_weight","currency","completed_at","phone","customer_locale","line_items","name","abandoned_checkout_url","discount_codes","tax_lines","presentment_currency","source_name","total_line_items_price","total_tax","total_discounts","subtotal_price","total_price","total_duties","device_id","user_id","location_id","source_identifier","source_url","source","closed_at"],"order_id":41299827425594,"order_number":"#41299827425594"} 
[2026-03-20 18:06:51] production.INFO: Job started: ProcessShopifyWebhookJob {"store_id":1,"topic":"checkouts/create"} 
[2026-03-20 18:06:51] production.INFO: Processing webhook [checkouts/create] for store 1j17z1-yj.myshopify.com {"store_id":1,"topic":"checkouts/create","order_id":41299827425594,"order_number":"#41299827425594"} 
[2026-03-20 18:06:51] production.INFO: Job completed: ProcessShopifyWebhookJob {"store_id":1,"topic":"checkouts/create"} 
[2026-03-20 18:15:14] production.INFO: ====== WEBHOOK RECEIVED ====== {"store_uuid":"e93e99a2-d6b9-487b-b014-67a59328f029","topic":"orders/create","ip":"34.71.156.37"} 
[2026-03-20 18:15:14] production.INFO: Dispatching webhook job {"store":"1j17z1-yj.myshopify.com","topic":"orders/create","payload_keys":["id","admin_graphql_api_id","app_id","browser_ip","buyer_accepts_marketing","cancel_reason","cancelled_at","cart_token","checkout_id","checkout_token","client_details","closed_at","confirmation_number","confirmed","contact_email","created_at","currency","current_shipping_price_set","current_subtotal_price","current_subtotal_price_set","current_total_additional_fees_set","current_total_discounts","current_total_discounts_set","current_total_duties_set","current_total_price","current_total_price_set","current_total_tax","current_total_tax_set","customer_locale","device_id","discount_codes","duties_included","email","estimated_taxes","financial_status","fulfillment_status","landing_site","landing_site_ref","location_id","merchant_business_entity_id","merchant_of_record_app_id","name","note","note_attributes","number","order_number","order_status_url","original_total_additional_fees_set","original_total_duties_set","payment_gateway_names","phone","po_number","presentment_currency","processed_at","reference","referring_site","source_identifier","source_name","source_url","subtotal_price","subtotal_price_set","tags","tax_exempt","tax_lines","taxes_included","test","token","total_cash_rounding_payment_adjustment_set","total_cash_rounding_refund_adjustment_set","total_discounts","total_discounts_set","total_line_items_price","total_line_items_price_set","total_outstanding","total_price","total_price_set","total_shipping_price_set","total_tax","total_tax_set","total_tip_received","total_weight","updated_at","user_id","billing_address","customer","discount_applications","fulfillments","line_items","payment_terms","refunds","shipping_address","shipping_lines","returns","line_item_groups"],"order_id":7142884737338,"order_number":5568} 
[2026-03-20 18:15:15] production.INFO: Job started: ProcessShopifyWebhookJob {"store_id":1,"topic":"orders/create"} 
[2026-03-20 18:15:15] production.INFO: Processing webhook [orders/create] for store 1j17z1-yj.myshopify.com {"store_id":1,"topic":"orders/create","order_id":7142884737338,"order_number":5568} 
[2026-03-20 18:15:15] production.INFO: [Shopify] === ORDER CONFIRMATION EVENT === {"store":"1j17z1-yj.myshopify.com","order_id":7142884737338,"order_number":5568,"customer":"Imran None","phone":"+919591195899","total":"2464.15 INR","items_count":1} 
[2026-03-20 18:15:15] production.INFO: [Shopify] --- sendNotification START [order_confirmation] --- {"store":"1j17z1-yj.myshopify.com"} 
[2026-03-20 18:15:15] production.INFO: [Shopify] Found notification template {"notification_template_id":1,"whatsapp_template_id":646,"template_params":{"body":["customer_first_name","order_number","total_price","currency","items_summary"],"buttons":["order_status_url"]}} 
[2026-03-20 18:15:15] production.INFO: [Shopify] Phone extracted {"phone":"+919591195899"} 
[2026-03-20 18:15:15] production.INFO: [Shopify] Contact not found, auto-creating {"phone":"+919591195899"} 
[2026-03-20 18:15:45] production.INFO: Job started: ProcessShopifyWebhookJob {"store_id":1,"topic":"orders/create"} 
[2026-03-20 18:15:45] production.INFO: Processing webhook [orders/create] for store 1j17z1-yj.myshopify.com {"store_id":1,"topic":"orders/create","order_id":7142884737338,"order_number":5568} 
[2026-03-20 18:15:45] production.INFO: [Shopify] === ORDER CONFIRMATION EVENT === {"store":"1j17z1-yj.myshopify.com","order_id":7142884737338,"order_number":5568,"customer":"Imran None","phone":"+919591195899","total":"2464.15 INR","items_count":1} 
[2026-03-20 18:15:45] production.INFO: [Shopify] --- sendNotification START [order_confirmation] --- {"store":"1j17z1-yj.myshopify.com"} 
[2026-03-20 18:15:45] production.INFO: [Shopify] Found notification template {"notification_template_id":1,"whatsapp_template_id":646,"template_params":{"body":["customer_first_name","order_number","total_price","currency","items_summary"],"buttons":["order_status_url"]}} 
[2026-03-20 18:15:45] production.INFO: [Shopify] Phone extracted {"phone":"+919591195899"} 
[2026-03-20 18:15:45] production.INFO: [Shopify] Contact not found, auto-creating {"phone":"+919591195899"} 
[2026-03-20 18:16:15] production.INFO: Job started: ProcessShopifyWebhookJob {"store_id":1,"topic":"orders/create"} 
[2026-03-20 18:16:15] production.INFO: Processing webhook [orders/create] for store 1j17z1-yj.myshopify.com {"store_id":1,"topic":"orders/create","order_id":7142884737338,"order_number":5568} 
[2026-03-20 18:16:15] production.INFO: [Shopify] === ORDER CONFIRMATION EVENT === {"store":"1j17z1-yj.myshopify.com","order_id":7142884737338,"order_number":5568,"customer":"Imran None","phone":"+919591195899","total":"2464.15 INR","items_count":1} 
[2026-03-20 18:16:15] production.INFO: [Shopify] --- sendNotification START [order_confirmation] --- {"store":"1j17z1-yj.myshopify.com"} 
[2026-03-20 18:16:15] production.INFO: [Shopify] Found notification template {"notification_template_id":1,"whatsapp_template_id":646,"template_params":{"body":["customer_first_name","order_number","total_price","currency","items_summary"],"buttons":["order_status_url"]}} 
[2026-03-20 18:16:15] production.INFO: [Shopify] Phone extracted {"phone":"+919591195899"} 
[2026-03-20 18:16:15] production.INFO: [Shopify] Contact not found, auto-creating {"phone":"+919591195899"} 
[2026-03-20 18:16:15] production.ERROR: Job FAILED: ProcessShopifyWebhookJob {"store_id":1,"topic":"orders/create","error":"SQLSTATE[HY000]: General error: 1364 Field 'created_by' doesn't have a default value (Connection: mysql, SQL: insert into `contacts` (`organization_id`, `phone`, `first_name`, `last_name`, `email`, `uuid`) values (91, +919591195899, Imran, None, imranqrs3333@gmail.com, 3cce8094-d378-4f2e-ab86-9211d1fafd49))"} 
[2026-03-20 18:42:58] production.INFO: ====== WEBHOOK RECEIVED ====== {"store_uuid":"e93e99a2-d6b9-487b-b014-67a59328f029","topic":"fulfillments/update","ip":"34.70.117.148"} 
[2026-03-20 18:42:58] production.INFO: Dispatching webhook job {"store":"1j17z1-yj.myshopify.com","topic":"fulfillments/update","payload_keys":["id","order_id","status","created_at","service","updated_at","tracking_company","shipment_status","location_id","origin_address","email","destination","line_items","tracking_number","tracking_numbers","tracking_url","tracking_urls","receipt","name","admin_graphql_api_id"],"order_id":6326680551738,"order_number":"#F5475.1"} 
[2026-03-20 18:42:59] production.INFO: ====== WEBHOOK RECEIVED ====== {"store_uuid":"e93e99a2-d6b9-487b-b014-67a59328f029","topic":"fulfillments/update","ip":"34.56.237.195"} 
[2026-03-20 18:42:59] production.INFO: Dispatching webhook job {"store":"1j17z1-yj.myshopify.com","topic":"fulfillments/update","payload_keys":["id","order_id","status","created_at","service","updated_at","tracking_company","shipment_status","location_id","origin_address","email","destination","line_items","tracking_number","tracking_numbers","tracking_url","tracking_urls","receipt","name","admin_graphql_api_id"],"order_id":6326677930298,"order_number":"#F5512.1"} 
[2026-03-20 18:43:01] production.INFO: Job started: ProcessShopifyWebhookJob {"store_id":1,"topic":"fulfillments/update"} 
[2026-03-20 18:43:01] production.INFO: Job started: ProcessShopifyWebhookJob {"store_id":1,"topic":"fulfillments/update"} 
[2026-03-20 18:43:01] production.INFO: Processing webhook [fulfillments/update] for store 1j17z1-yj.myshopify.com {"store_id":1,"topic":"fulfillments/update","order_id":6326677930298,"order_number":"#F5512.1"} 
[2026-03-20 18:43:01] production.INFO: Processing webhook [fulfillments/update] for store 1j17z1-yj.myshopify.com {"store_id":1,"topic":"fulfillments/update","order_id":6326680551738,"order_number":"#F5475.1"} 
[2026-03-20 18:43:01] production.INFO: [Shopify] === SHIPPING UPDATE EVENT === {"store":"1j17z1-yj.myshopify.com","order_id":7139725574458,"tracking":["80039463173"]} 
[2026-03-20 18:43:01] production.INFO: [Shopify] === SHIPPING UPDATE EVENT === {"store":"1j17z1-yj.myshopify.com","order_id":7135332499770,"tracking":["80039464396"]} 
[2026-03-20 18:43:01] production.INFO: [Shopify] --- sendNotification START [shipping_update] --- {"store":"1j17z1-yj.myshopify.com"} 
[2026-03-20 18:43:01] production.INFO: [Shopify] --- sendNotification START [shipping_update] --- {"store":"1j17z1-yj.myshopify.com"} 
[2026-03-20 18:43:01] production.INFO: [Shopify] Found notification template {"notification_template_id":2,"whatsapp_template_id":647,"template_params":{"body":["customer_first_name","order_number","carrier","tracking_number","estimated_delivery"],"buttons":["tracking_url"]}} 
[2026-03-20 18:43:01] production.INFO: [Shopify] Found notification template {"notification_template_id":2,"whatsapp_template_id":647,"template_params":{"body":["customer_first_name","order_number","carrier","tracking_number","estimated_delivery"],"buttons":["tracking_url"]}} 
[2026-03-20 18:43:01] production.WARNING: [Shopify] No phone number in payload {"event":"shipping_update","customer_phone":null,"shipping_phone":null,"billing_phone":null} 
[2026-03-20 18:43:01] production.WARNING: [Shopify] No phone number in payload {"event":"shipping_update","customer_phone":null,"shipping_phone":null,"billing_phone":null} 
[2026-03-20 18:43:01] production.INFO: Job completed: ProcessShopifyWebhookJob {"store_id":1,"topic":"fulfillments/update"} 
[2026-03-20 18:43:01] production.INFO: Job completed: ProcessShopifyWebhookJob {"store_id":1,"topic":"fulfillments/update"} 
[2026-03-20 18:43:05] production.INFO: ====== WEBHOOK RECEIVED ====== {"store_uuid":"e93e99a2-d6b9-487b-b014-67a59328f029","topic":"fulfillments/update","ip":"136.113.31.7"} 
[2026-03-20 18:43:05] production.INFO: Dispatching webhook job {"store":"1j17z1-yj.myshopify.com","topic":"fulfillments/update","payload_keys":["id","order_id","status","created_at","service","updated_at","tracking_company","shipment_status","location_id","origin_address","email","destination","line_items","tracking_number","tracking_numbers","tracking_url","tracking_urls","receipt","name","admin_graphql_api_id"],"order_id":6328290541882,"order_number":"#F5545.1"} 
[2026-03-20 18:43:07] production.INFO: Job started: ProcessShopifyWebhookJob {"store_id":1,"topic":"fulfillments/update"} 
[2026-03-20 18:43:07] production.INFO: Processing webhook [fulfillments/update] for store 1j17z1-yj.myshopify.com {"store_id":1,"topic":"fulfillments/update","order_id":6328290541882,"order_number":"#F5545.1"} 
[2026-03-20 18:43:07] production.INFO: [Shopify] === SHIPPING UPDATE EVENT === {"store":"1j17z1-yj.myshopify.com","order_id":7141471715642,"tracking":["80040143282"]} 
[2026-03-20 18:43:07] production.INFO: [Shopify] --- sendNotification START [shipping_update] --- {"store":"1j17z1-yj.myshopify.com"} 
[2026-03-20 18:43:07] production.INFO: [Shopify] Found notification template {"notification_template_id":2,"whatsapp_template_id":647,"template_params":{"body":["customer_first_name","order_number","carrier","tracking_number","estimated_delivery"],"buttons":["tracking_url"]}} 
[2026-03-20 18:43:07] production.WARNING: [Shopify] No phone number in payload {"event":"shipping_update","customer_phone":null,"shipping_phone":null,"billing_phone":null} 
[2026-03-20 18:43:07] production.INFO: Job completed: ProcessShopifyWebhookJob {"store_id":1,"topic":"fulfillments/update"} 
[2026-03-20 18:49:29] production.INFO: ====== WEBHOOK RECEIVED ====== {"store_uuid":"e93e99a2-d6b9-487b-b014-67a59328f029","topic":"fulfillments/update","ip":"35.193.201.127"} 
[2026-03-20 18:49:29] production.INFO: Dispatching webhook job {"store":"1j17z1-yj.myshopify.com","topic":"fulfillments/update","payload_keys":["id","order_id","status","created_at","service","updated_at","tracking_company","shipment_status","location_id","origin_address","email","destination","line_items","tracking_number","tracking_numbers","tracking_url","tracking_urls","receipt","name","admin_graphql_api_id"],"order_id":6328291361082,"order_number":"#F5534.1"} 
[2026-03-20 18:49:29] production.INFO: Job started: ProcessShopifyWebhookJob {"store_id":1,"topic":"fulfillments/update"} 
[2026-03-20 18:49:29] production.INFO: Processing webhook [fulfillments/update] for store 1j17z1-yj.myshopify.com {"store_id":1,"topic":"fulfillments/update","order_id":6328291361082,"order_number":"#F5534.1"} 
[2026-03-20 18:49:29] production.INFO: [Shopify] === SHIPPING UPDATE EVENT === {"store":"1j17z1-yj.myshopify.com","order_id":7141118542138,"tracking":["80040145846"]} 
[2026-03-20 18:49:29] production.INFO: [Shopify] --- sendNotification START [shipping_update] --- {"store":"1j17z1-yj.myshopify.com"} 
[2026-03-20 18:49:29] production.INFO: [Shopify] Found notification template {"notification_template_id":2,"whatsapp_template_id":647,"template_params":{"body":["customer_first_name","order_number","carrier","tracking_number","estimated_delivery"],"buttons":["tracking_url"]}} 
[2026-03-20 18:49:29] production.WARNING: [Shopify] No phone number in payload {"event":"shipping_update","customer_phone":null,"shipping_phone":null,"billing_phone":null} 
[2026-03-20 18:49:29] production.INFO: Job completed: ProcessShopifyWebhookJob {"store_id":1,"topic":"fulfillments/update"} 
[2026-03-20 19:28:42] production.INFO: ====== WEBHOOK RECEIVED ====== {"store_uuid":"e93e99a2-d6b9-487b-b014-67a59328f029","topic":"fulfillments/update","ip":"34.10.252.115"} 
[2026-03-20 19:28:42] production.INFO: Dispatching webhook job {"store":"1j17z1-yj.myshopify.com","topic":"fulfillments/update","payload_keys":["id","order_id","status","created_at","service","updated_at","tracking_company","shipment_status","location_id","origin_address","email","destination","line_items","tracking_number","tracking_numbers","tracking_url","tracking_urls","receipt","name","admin_graphql_api_id"],"order_id":6328352637242,"order_number":"#F5551.1"} 
[2026-03-20 19:28:42] production.INFO: Job started: ProcessShopifyWebhookJob {"store_id":1,"topic":"fulfillments/update"} 
[2026-03-20 19:28:42] production.INFO: Processing webhook [fulfillments/update] for store 1j17z1-yj.myshopify.com {"store_id":1,"topic":"fulfillments/update","order_id":6328352637242,"order_number":"#F5551.1"} 
[2026-03-20 19:28:42] production.INFO: [Shopify] === SHIPPING UPDATE EVENT === {"store":"1j17z1-yj.myshopify.com","order_id":7142038241594,"tracking":["90450330320"]} 
[2026-03-20 19:28:42] production.INFO: [Shopify] --- sendNotification START [shipping_update] --- {"store":"1j17z1-yj.myshopify.com"} 
[2026-03-20 19:28:42] production.INFO: [Shopify] Found notification template {"notification_template_id":2,"whatsapp_template_id":647,"template_params":{"body":["customer_first_name","order_number","carrier","tracking_number","estimated_delivery"],"buttons":["tracking_url"]}} 
[2026-03-20 19:28:42] production.WARNING: [Shopify] No phone number in payload {"event":"shipping_update","customer_phone":null,"shipping_phone":null,"billing_phone":null} 
[2026-03-20 19:28:42] production.INFO: Job completed: ProcessShopifyWebhookJob {"store_id":1,"topic":"fulfillments/update"} 
[2026-03-20 21:31:41] production.INFO: ====== WEBHOOK RECEIVED ====== {"store_uuid":"e93e99a2-d6b9-487b-b014-67a59328f029","topic":"checkouts/create","ip":"34.41.186.61"} 
[2026-03-20 21:31:41] production.INFO: Dispatching webhook job {"store":"1j17z1-yj.myshopify.com","topic":"checkouts/create","payload_keys":["id","token","cart_token","email","gateway","buyer_accepts_marketing","buyer_accepts_sms_marketing","sms_marketing_phone","created_at","updated_at","landing_site","note","note_attributes","referring_site","shipping_lines","shipping_address","taxes_included","total_weight","currency","completed_at","phone","customer_locale","line_items","name","abandoned_checkout_url","discount_codes","tax_lines","presentment_currency","source_name","total_line_items_price","total_tax","total_discounts","subtotal_price","total_price","total_duties","device_id","user_id","location_id","source_identifier","source_url","source","closed_at","customer"],"order_id":41301017559354,"order_number":"#41301017559354"} 
[2026-03-20 21:31:44] production.INFO: Job started: ProcessShopifyWebhookJob {"store_id":1,"topic":"checkouts/create"} 
[2026-03-20 21:31:44] production.INFO: Processing webhook [checkouts/create] for store 1j17z1-yj.myshopify.com {"store_id":1,"topic":"checkouts/create","order_id":41301017559354,"order_number":"#41301017559354"} 
[2026-03-20 21:31:44] production.INFO: Job completed: ProcessShopifyWebhookJob {"store_id":1,"topic":"checkouts/create"} 
[2026-03-20 22:35:26] production.INFO: ====== WEBHOOK RECEIVED ====== {"store_uuid":"e93e99a2-d6b9-487b-b014-67a59328f029","topic":"orders/create","ip":"34.170.207.92"} 
[2026-03-20 22:35:26] production.INFO: Dispatching webhook job {"store":"1j17z1-yj.myshopify.com","topic":"orders/create","payload_keys":["id","admin_graphql_api_id","app_id","browser_ip","buyer_accepts_marketing","cancel_reason","cancelled_at","cart_token","checkout_id","checkout_token","client_details","closed_at","confirmation_number","confirmed","contact_email","created_at","currency","current_shipping_price_set","current_subtotal_price","current_subtotal_price_set","current_total_additional_fees_set","current_total_discounts","current_total_discounts_set","current_total_duties_set","current_total_price","current_total_price_set","current_total_tax","current_total_tax_set","customer_locale","device_id","discount_codes","duties_included","email","estimated_taxes","financial_status","fulfillment_status","landing_site","landing_site_ref","location_id","merchant_business_entity_id","merchant_of_record_app_id","name","note","note_attributes","number","order_number","order_status_url","original_total_additional_fees_set","original_total_duties_set","payment_gateway_names","phone","po_number","presentment_currency","processed_at","reference","referring_site","source_identifier","source_name","source_url","subtotal_price","subtotal_price_set","tags","tax_exempt","tax_lines","taxes_included","test","token","total_cash_rounding_payment_adjustment_set","total_cash_rounding_refund_adjustment_set","total_discounts","total_discounts_set","total_line_items_price","total_line_items_price_set","total_outstanding","total_price","total_price_set","total_shipping_price_set","total_tax","total_tax_set","total_tip_received","total_weight","updated_at","user_id","billing_address","customer","discount_applications","fulfillments","line_items","payment_terms","refunds","shipping_address","shipping_lines","returns","line_item_groups"],"order_id":7143196852538,"order_number":5569} 
[2026-03-20 22:35:29] production.INFO: Job started: ProcessShopifyWebhookJob {"store_id":1,"topic":"orders/create"} 
[2026-03-20 22:35:29] production.INFO: Processing webhook [orders/create] for store 1j17z1-yj.myshopify.com {"store_id":1,"topic":"orders/create","order_id":7143196852538,"order_number":5569} 
[2026-03-20 22:35:29] production.INFO: [Shopify] === ORDER CONFIRMATION EVENT === {"store":"1j17z1-yj.myshopify.com","order_id":7143196852538,"order_number":5569,"customer":"Ayesha Ayesha","phone":"+917829662636","total":"2799.00 INR","items_count":1} 
[2026-03-20 22:35:29] production.INFO: [Shopify] --- sendNotification START [order_confirmation] --- {"store":"1j17z1-yj.myshopify.com"} 
[2026-03-20 22:35:29] production.INFO: [Shopify] Found notification template {"notification_template_id":1,"whatsapp_template_id":646,"template_params":{"body":["customer_first_name","order_number","total_price","currency","items_summary"],"buttons":["order_status_url"]}} 
[2026-03-20 22:35:29] production.INFO: [Shopify] Phone extracted {"phone":"+917829662636"} 
[2026-03-20 22:35:29] production.INFO: [Shopify] Contact not found, auto-creating {"phone":"+917829662636"} 
[2026-03-20 22:35:59] production.INFO: Job started: ProcessShopifyWebhookJob {"store_id":1,"topic":"orders/create"} 
[2026-03-20 22:35:59] production.INFO: Processing webhook [orders/create] for store 1j17z1-yj.myshopify.com {"store_id":1,"topic":"orders/create","order_id":7143196852538,"order_number":5569} 
[2026-03-20 22:35:59] production.INFO: [Shopify] === ORDER CONFIRMATION EVENT === {"store":"1j17z1-yj.myshopify.com","order_id":7143196852538,"order_number":5569,"customer":"Ayesha Ayesha","phone":"+917829662636","total":"2799.00 INR","items_count":1} 
[2026-03-20 22:35:59] production.INFO: [Shopify] --- sendNotification START [order_confirmation] --- {"store":"1j17z1-yj.myshopify.com"} 
[2026-03-20 22:35:59] production.INFO: [Shopify] Found notification template {"notification_template_id":1,"whatsapp_template_id":646,"template_params":{"body":["customer_first_name","order_number","total_price","currency","items_summary"],"buttons":["order_status_url"]}} 
[2026-03-20 22:35:59] production.INFO: [Shopify] Phone extracted {"phone":"+917829662636"} 
[2026-03-20 22:35:59] production.INFO: [Shopify] Contact not found, auto-creating {"phone":"+917829662636"} 
[2026-03-20 22:36:29] production.INFO: Job started: ProcessShopifyWebhookJob {"store_id":1,"topic":"orders/create"} 
[2026-03-20 22:36:29] production.INFO: Processing webhook [orders/create] for store 1j17z1-yj.myshopify.com {"store_id":1,"topic":"orders/create","order_id":7143196852538,"order_number":5569} 
[2026-03-20 22:36:29] production.INFO: [Shopify] === ORDER CONFIRMATION EVENT === {"store":"1j17z1-yj.myshopify.com","order_id":7143196852538,"order_number":5569,"customer":"Ayesha Ayesha","phone":"+917829662636","total":"2799.00 INR","items_count":1} 
[2026-03-20 22:36:29] production.INFO: [Shopify] --- sendNotification START [order_confirmation] --- {"store":"1j17z1-yj.myshopify.com"} 
[2026-03-20 22:36:29] production.INFO: [Shopify] Found notification template {"notification_template_id":1,"whatsapp_template_id":646,"template_params":{"body":["customer_first_name","order_number","total_price","currency","items_summary"],"buttons":["order_status_url"]}} 
[2026-03-20 22:36:29] production.INFO: [Shopify] Phone extracted {"phone":"+917829662636"} 
[2026-03-20 22:36:29] production.INFO: [Shopify] Contact not found, auto-creating {"phone":"+917829662636"} 
[2026-03-20 22:36:29] production.ERROR: Job FAILED: ProcessShopifyWebhookJob {"store_id":1,"topic":"orders/create","error":"SQLSTATE[HY000]: General error: 1364 Field 'created_by' doesn't have a default value (Connection: mysql, SQL: insert into `contacts` (`organization_id`, `phone`, `first_name`, `last_name`, `email`, `uuid`) values (91, +917829662636, Ayesha, Ayesha, ayeshahassain5@gmail.com, 8f003f99-9772-49e1-aaa4-8308daa76624))"} 
[2026-03-20 22:39:56] production.INFO: ====== WEBHOOK RECEIVED ====== {"store_uuid":"e93e99a2-d6b9-487b-b014-67a59328f029","topic":"orders/create","ip":"34.55.166.231"} 
[2026-03-20 22:39:56] production.INFO: Dispatching webhook job {"store":"1j17z1-yj.myshopify.com","topic":"orders/create","payload_keys":["id","admin_graphql_api_id","app_id","browser_ip","buyer_accepts_marketing","cancel_reason","cancelled_at","cart_token","checkout_id","checkout_token","client_details","closed_at","confirmation_number","confirmed","contact_email","created_at","currency","current_shipping_price_set","current_subtotal_price","current_subtotal_price_set","current_total_additional_fees_set","current_total_discounts","current_total_discounts_set","current_total_duties_set","current_total_price","current_total_price_set","current_total_tax","current_total_tax_set","customer_locale","device_id","discount_codes","duties_included","email","estimated_taxes","financial_status","fulfillment_status","landing_site","landing_site_ref","location_id","merchant_business_entity_id","merchant_of_record_app_id","name","note","note_attributes","number","order_number","order_status_url","original_total_additional_fees_set","original_total_duties_set","payment_gateway_names","phone","po_number","presentment_currency","processed_at","reference","referring_site","source_identifier","source_name","source_url","subtotal_price","subtotal_price_set","tags","tax_exempt","tax_lines","taxes_included","test","token","total_cash_rounding_payment_adjustment_set","total_cash_rounding_refund_adjustment_set","total_discounts","total_discounts_set","total_line_items_price","total_line_items_price_set","total_outstanding","total_price","total_price_set","total_shipping_price_set","total_tax","total_tax_set","total_tip_received","total_weight","updated_at","user_id","billing_address","customer","discount_applications","fulfillments","line_items","payment_terms","refunds","shipping_address","shipping_lines","returns","line_item_groups"],"order_id":7143201538362,"order_number":5570} 
[2026-03-20 22:39:59] production.INFO: Job started: ProcessShopifyWebhookJob {"store_id":1,"topic":"orders/create"} 
[2026-03-20 22:39:59] production.INFO: Processing webhook [orders/create] for store 1j17z1-yj.myshopify.com {"store_id":1,"topic":"orders/create","order_id":7143201538362,"order_number":5570} 
[2026-03-20 22:39:59] production.INFO: [Shopify] === ORDER CONFIRMATION EVENT === {"store":"1j17z1-yj.myshopify.com","order_id":7143201538362,"order_number":5570,"customer":"Ayesha Ayesha","phone":"+917829662636","total":"2799.00 INR","items_count":1} 
[2026-03-20 22:39:59] production.INFO: [Shopify] --- sendNotification START [order_confirmation] --- {"store":"1j17z1-yj.myshopify.com"} 
[2026-03-20 22:39:59] production.INFO: [Shopify] Found notification template {"notification_template_id":1,"whatsapp_template_id":646,"template_params":{"body":["customer_first_name","order_number","total_price","currency","items_summary"],"buttons":["order_status_url"]}} 
[2026-03-20 22:39:59] production.INFO: [Shopify] Phone extracted {"phone":"+917829662636"} 
[2026-03-20 22:39:59] production.INFO: [Shopify] Contact not found, auto-creating {"phone":"+917829662636"} 
[2026-03-20 22:40:29] production.INFO: Job started: ProcessShopifyWebhookJob {"store_id":1,"topic":"orders/create"} 
[2026-03-20 22:40:29] production.INFO: Processing webhook [orders/create] for store 1j17z1-yj.myshopify.com {"store_id":1,"topic":"orders/create","order_id":7143201538362,"order_number":5570} 
[2026-03-20 22:40:29] production.INFO: [Shopify] === ORDER CONFIRMATION EVENT === {"store":"1j17z1-yj.myshopify.com","order_id":7143201538362,"order_number":5570,"customer":"Ayesha Ayesha","phone":"+917829662636","total":"2799.00 INR","items_count":1} 
[2026-03-20 22:40:29] production.INFO: [Shopify] --- sendNotification START [order_confirmation] --- {"store":"1j17z1-yj.myshopify.com"} 
[2026-03-20 22:40:29] production.INFO: [Shopify] Found notification template {"notification_template_id":1,"whatsapp_template_id":646,"template_params":{"body":["customer_first_name","order_number","total_price","currency","items_summary"],"buttons":["order_status_url"]}} 
[2026-03-20 22:40:29] production.INFO: [Shopify] Phone extracted {"phone":"+917829662636"} 
[2026-03-20 22:40:29] production.INFO: [Shopify] Contact not found, auto-creating {"phone":"+917829662636"} 
[2026-03-20 22:40:59] production.INFO: Job started: ProcessShopifyWebhookJob {"store_id":1,"topic":"orders/create"} 
[2026-03-20 22:40:59] production.INFO: Processing webhook [orders/create] for store 1j17z1-yj.myshopify.com {"store_id":1,"topic":"orders/create","order_id":7143201538362,"order_number":5570} 
[2026-03-20 22:40:59] production.INFO: [Shopify] === ORDER CONFIRMATION EVENT === {"store":"1j17z1-yj.myshopify.com","order_id":7143201538362,"order_number":5570,"customer":"Ayesha Ayesha","phone":"+917829662636","total":"2799.00 INR","items_count":1} 
[2026-03-20 22:40:59] production.INFO: [Shopify] --- sendNotification START [order_confirmation] --- {"store":"1j17z1-yj.myshopify.com"} 
[2026-03-20 22:40:59] production.INFO: [Shopify] Found notification template {"notification_template_id":1,"whatsapp_template_id":646,"template_params":{"body":["customer_first_name","order_number","total_price","currency","items_summary"],"buttons":["order_status_url"]}} 
[2026-03-20 22:40:59] production.INFO: [Shopify] Phone extracted {"phone":"+917829662636"} 
[2026-03-20 22:40:59] production.INFO: [Shopify] Contact not found, auto-creating {"phone":"+917829662636"} 
[2026-03-20 22:40:59] production.ERROR: Job FAILED: ProcessShopifyWebhookJob {"store_id":1,"topic":"orders/create","error":"SQLSTATE[HY000]: General error: 1364 Field 'created_by' doesn't have a default value (Connection: mysql, SQL: insert into `contacts` (`organization_id`, `phone`, `first_name`, `last_name`, `email`, `uuid`) values (91, +917829662636, Ayesha, Ayesha, ayeshahassain5@gmail.com, 447b0f05-f61d-4e6c-b709-c3339d1f8f8b))"} 
